8/22/2017 8:07:37 PM, Info: Initializing SIMPLSharp Services...
8/22/2017 8:07:37 PM, Info: ProjectInfo successfully initialized.
8/22/2017 8:07:38 PM, Info: Verifying archive C:\Users\Andrew Campbell\Dropbox (TAS)\TAS Team Folder\NTA\Golden Gate\Simpl\Audio\QsysControlV3.clz...
8/22/2017 8:07:38 PM, Info: Saving project information...
8/22/2017 8:07:39 PM, Info: Verifying archive C:\Users\Andrew Campbell\Dropbox (TAS)\TAS Team Folder\NTA\Golden Gate\Simpl\Audio\QsysControlV3.clz...
8/22/2017 8:07:39 PM, Info: Saving project information...
8/22/2017 8:07:40 PM, Info: Verifying archive C:\Users\Andrew Campbell\Dropbox (TAS)\TAS Team Folder\NTA\Golden Gate\Simpl\Audio\QsysControlV3.clz...
8/22/2017 8:07:40 PM, Info: Saving project information...
8/22/2017 8:07:42 PM, Info: Commiting verification transaction...
8/22/2017 8:07:42 PM, Info: Saving project information...
8/22/2017 8:17:20 PM, Info: Initializing SIMPLSharp Services...
8/22/2017 8:17:20 PM, Info: ProjectInfo successfully initialized.
8/22/2017 8:17:21 PM, Info: Verifying archive C:\Users\Andrew Campbell\Dropbox (TAS)\TAS Team Folder\NTA\Golden Gate\Simpl\Audio\QsysControlV3.clz...
8/22/2017 8:17:21 PM, Info: Saving project information...
8/22/2017 8:17:22 PM, Info: Verifying archive C:\Users\Andrew Campbell\Dropbox (TAS)\TAS Team Folder\NTA\Golden Gate\Simpl\Audio\QsysControlV3.clz...
8/22/2017 8:17:22 PM, Info: Saving project information...
8/22/2017 8:17:23 PM, Info: Verifying archive C:\Users\Andrew Campbell\Dropbox (TAS)\TAS Team Folder\NTA\Golden Gate\Simpl\Audio\QsysControlV3.clz...
8/22/2017 8:17:23 PM, Info: Saving project information...
8/22/2017 8:17:25 PM, Info: Commiting verification transaction...
8/22/2017 8:17:25 PM, Info: Saving project information...
8/22/2017 8:57:06 PM, Info: Initializing SIMPLSharp Services...
8/22/2017 8:57:06 PM, Info: ProjectInfo successfully initialized.
8/22/2017 8:57:07 PM, Info: Commiting verification transaction...
8/22/2017 8:57:07 PM, Info: Saving project information...
8/22/2017 8:58:35 PM, Info: Initializing SIMPLSharp Services...
8/22/2017 8:58:35 PM, Info: ProjectInfo successfully initialized.
8/22/2017 8:58:36 PM, Info: Verifying archive C:\Users\Andrew Campbell\Dropbox (TAS)\TAS Team Folder\NTA\Golden Gate\Simpl\Audio\QsysControlV3.clz...
8/22/2017 8:58:36 PM, Info: Saving project information...
8/22/2017 8:58:37 PM, Info: Verifying archive C:\Users\Andrew Campbell\Dropbox (TAS)\TAS Team Folder\NTA\Golden Gate\Simpl\Audio\QsysControlV3.clz...
8/22/2017 8:58:37 PM, Info: Saving project information...
8/22/2017 8:58:38 PM, Info: Verifying archive C:\Users\Andrew Campbell\Dropbox (TAS)\TAS Team Folder\NTA\Golden Gate\Simpl\Audio\QsysControlV3.clz...
8/22/2017 8:58:39 PM, Info: Saving project information...
8/22/2017 8:58:40 PM, Info: Commiting verification transaction...
8/22/2017 8:58:40 PM, Info: Saving project information...
8/22/2017 9:20:58 PM, Info: Initializing SIMPLSharp Services...
8/22/2017 9:20:58 PM, Info: ProjectInfo successfully initialized.
8/22/2017 9:20:58 PM, Info: Verifying archive C:\Users\Andrew Campbell\Dropbox (TAS)\TAS Team Folder\NTA\Golden Gate\Simpl\Audio\QsysControlV3.clz...
8/22/2017 9:20:58 PM, Info: Saving project information...
8/22/2017 9:20:59 PM, Info: Verifying archive C:\Users\Andrew Campbell\Dropbox (TAS)\TAS Team Folder\NTA\Golden Gate\Simpl\Audio\QsysControlV3.clz...
8/22/2017 9:20:59 PM, Info: Saving project information...
8/22/2017 9:21:01 PM, Info: Verifying archive C:\Users\Andrew Campbell\Dropbox (TAS)\TAS Team Folder\NTA\Golden Gate\Simpl\Audio\QsysControlV3.clz...
8/22/2017 9:21:01 PM, Info: Saving project information...
8/22/2017 9:21:02 PM, Info: Commiting verification transaction...
8/22/2017 9:21:02 PM, Info: Saving project information...
8/22/2017 9:27:48 PM, Info: Initializing SIMPLSharp Services...
8/22/2017 9:27:48 PM, Info: ProjectInfo successfully initialized.
8/22/2017 9:27:49 PM, Info: Commiting verification transaction...
8/22/2017 9:27:49 PM, Info: Saving project information...
8/22/2017 9:35:10 PM, Info: Initializing SIMPLSharp Services...
8/22/2017 9:35:10 PM, Info: ProjectInfo successfully initialized.
8/22/2017 9:35:11 PM, Info: Verifying archive C:\Users\Andrew Campbell\Dropbox (TAS)\TAS Team Folder\NTA\Golden Gate\Simpl\Audio\QsysControlV3.clz...
8/22/2017 9:35:11 PM, Info: Saving project information...
8/22/2017 9:35:12 PM, Info: Verifying archive C:\Users\Andrew Campbell\Dropbox (TAS)\TAS Team Folder\NTA\Golden Gate\Simpl\Audio\QsysControlV3.clz...
8/22/2017 9:35:12 PM, Info: Saving project information...
8/22/2017 9:35:13 PM, Info: Verifying archive C:\Users\Andrew Campbell\Dropbox (TAS)\TAS Team Folder\NTA\Golden Gate\Simpl\Audio\QsysControlV3.clz...
8/22/2017 9:35:14 PM, Info: Saving project information...
8/22/2017 9:35:15 PM, Info: Commiting verification transaction...
8/22/2017 9:35:15 PM, Info: Saving project information...
8/22/2017 9:43:55 PM, Info: Initializing SIMPLSharp Services...
8/22/2017 9:43:55 PM, Info: ProjectInfo successfully initialized.
8/22/2017 9:43:56 PM, Info: Commiting verification transaction...
8/22/2017 9:43:56 PM, Info: Saving project information...
8/22/2017 9:44:04 PM, Info: Terminating SIMPLSharp Services
8/22/2017 9:44:04 PM, Info: Saving project information...
8/22/2017 9:44:04 PM, Info: Terminating SIMPLSharp Services
8/22/2017 9:44:04 PM, Info: Saving project information...
8/22/2017 9:44:04 PM, Info: Terminating SIMPLSharp Services
8/22/2017 9:44:04 PM, Info: Saving project information...
8/22/2017 9:44:04 PM, Info: Terminating SIMPLSharp Services
8/22/2017 9:44:04 PM, Info: Saving project information...
8/22/2017 9:44:04 PM, Info: Terminating SIMPLSharp Services
8/22/2017 9:44:04 PM, Info: Saving project information...
8/22/2017 9:44:04 PM, Info: Terminating SIMPLSharp Services
8/22/2017 9:44:04 PM, Info: Saving project information...
8/22/2017 9:44:04 PM, Info: Terminating SIMPLSharp Services
8/22/2017 9:44:04 PM, Info: Saving project information...
8/22/2017 9:44:04 PM, Info: Terminating SIMPLSharp Services
