8/24/2017 7:34:55 PM, Info: ProjectInfo successfully initialized.
8/24/2017 7:34:59 PM, Info: Commiting verification transaction...
8/24/2017 7:34:59 PM, Info: Saving project information...
8/24/2017 7:43:58 PM, Info: Initializing SIMPLSharp Services...
8/24/2017 7:43:58 PM, Info: ProjectInfo successfully initialized.
8/24/2017 7:44:03 PM, Info: Commiting verification transaction...
8/24/2017 7:44:03 PM, Info: Saving project information...
8/24/2017 7:46:08 PM, Info: Initializing SIMPLSharp Services...
8/24/2017 7:46:08 PM, Info: ProjectInfo successfully initialized.
8/24/2017 7:46:13 PM, Info: Commiting verification transaction...
8/24/2017 7:46:13 PM, Info: Saving project information...
8/24/2017 7:47:55 PM, Info: Initializing SIMPLSharp Services...
8/24/2017 7:47:55 PM, Info: ProjectInfo successfully initialized.
8/24/2017 7:47:59 PM, Info: Commiting verification transaction...
8/24/2017 7:47:59 PM, Info: Saving project information...
8/24/2017 8:24:33 PM, Info: Initializing SIMPLSharp Services...
8/24/2017 8:24:33 PM, Info: ProjectInfo successfully initialized.
8/24/2017 8:24:38 PM, Info: Commiting verification transaction...
8/24/2017 8:24:38 PM, Info: Saving project information...
8/24/2017 8:25:11 PM, Info: Initializing SIMPLSharp Services...
8/24/2017 8:25:11 PM, Info: ProjectInfo successfully initialized.
8/24/2017 8:25:16 PM, Info: Commiting verification transaction...
8/24/2017 8:25:16 PM, Info: Saving project information...
8/24/2017 8:26:18 PM, Info: Initializing SIMPLSharp Services...
8/24/2017 8:26:18 PM, Info: ProjectInfo successfully initialized.
8/24/2017 8:26:22 PM, Info: Commiting verification transaction...
8/24/2017 8:26:22 PM, Info: Saving project information...
8/24/2017 8:40:18 PM, Info: Initializing SIMPLSharp Services...
8/24/2017 8:40:18 PM, Info: ProjectInfo successfully initialized.
8/24/2017 8:40:24 PM, Info: Commiting verification transaction...
8/24/2017 8:40:24 PM, Info: Saving project information...
8/24/2017 8:40:48 PM, Info: Initializing SIMPLSharp Services...
8/24/2017 8:40:48 PM, Info: ProjectInfo successfully initialized.
8/24/2017 8:40:52 PM, Info: Commiting verification transaction...
8/24/2017 8:40:52 PM, Info: Saving project information...
8/24/2017 8:43:19 PM, Info: Initializing SIMPLSharp Services...
8/24/2017 8:43:19 PM, Info: ProjectInfo successfully initialized.
8/24/2017 8:43:24 PM, Info: Commiting verification transaction...
8/24/2017 8:43:24 PM, Info: Saving project information...
8/24/2017 9:10:08 PM, Info: Initializing SIMPLSharp Services...
8/24/2017 9:10:08 PM, Info: ProjectInfo successfully initialized.
8/24/2017 9:10:12 PM, Info: Commiting verification transaction...
8/24/2017 9:10:12 PM, Info: Saving project information...
8/24/2017 10:03:42 PM, Info: Initializing SIMPLSharp Services...
8/24/2017 10:03:42 PM, Info: ProjectInfo successfully initialized.
8/24/2017 10:03:46 PM, Info: Commiting verification transaction...
8/24/2017 10:03:46 PM, Info: Saving project information...
8/28/2017 10:27:46 AM, Info: Terminating SIMPLSharp Services
8/28/2017 10:27:46 AM, Info: Saving project information...
8/28/2017 10:27:46 AM, Info: Terminating SIMPLSharp Services
8/28/2017 10:27:46 AM, Info: Saving project information...
8/28/2017 10:27:46 AM, Info: Terminating SIMPLSharp Services
8/28/2017 10:27:46 AM, Info: Saving project information...
8/28/2017 10:27:46 AM, Info: Terminating SIMPLSharp Services
8/28/2017 10:27:46 AM, Info: Saving project information...
8/28/2017 10:27:46 AM, Info: Terminating SIMPLSharp Services
8/28/2017 10:27:46 AM, Info: Saving project information...
8/28/2017 10:27:46 AM, Info: Terminating SIMPLSharp Services
8/28/2017 10:27:46 AM, Info: Saving project information...
8/28/2017 10:27:46 AM, Info: Terminating SIMPLSharp Services
8/28/2017 10:27:46 AM, Info: Saving project information...
8/28/2017 10:27:46 AM, Info: Terminating SIMPLSharp Services
8/28/2017 10:27:46 AM, Info: Saving project information...
8/28/2017 10:27:46 AM, Info: Terminating SIMPLSharp Services
8/28/2017 10:27:46 AM, Info: Saving project information...
8/28/2017 10:27:46 AM, Info: Terminating SIMPLSharp Services
8/28/2017 10:27:46 AM, Info: Saving project information...
8/28/2017 10:27:46 AM, Info: Terminating SIMPLSharp Services
8/28/2017 10:27:46 AM, Info: Saving project information...
8/28/2017 10:27:46 AM, Info: Terminating SIMPLSharp Services
8/28/2017 10:27:46 AM, Info: Saving project information...
8/28/2017 10:27:46 AM, Info: Terminating SIMPLSharp Services
8/28/2017 10:27:46 AM, Info: Saving project information...
8/28/2017 10:27:46 AM, Info: Terminating SIMPLSharp Services
8/28/2017 10:27:46 AM, Info: Saving project information...
8/28/2017 10:27:46 AM, Info: Terminating SIMPLSharp Services
8/28/2017 10:27:46 AM, Info: Saving project information...
8/28/2017 10:27:46 AM, Info: Terminating SIMPLSharp Services
8/28/2017 10:27:46 AM, Info: Saving project information...
8/28/2017 10:27:46 AM, Info: Terminating SIMPLSharp Services
8/28/2017 10:27:46 AM, Info: Saving project information...
8/28/2017 10:27:46 AM, Info: Terminating SIMPLSharp Services
8/28/2017 10:27:46 AM, Info: Saving project information...
8/28/2017 10:27:46 AM, Info: Terminating SIMPLSharp Services
8/28/2017 10:27:46 AM, Info: Saving project information...
8/28/2017 10:27:46 AM, Info: Terminating SIMPLSharp Services
8/28/2017 10:27:46 AM, Info: Saving project information...
8/28/2017 10:27:46 AM, Info: Terminating SIMPLSharp Services
8/28/2017 10:27:46 AM, Info: Saving project information...
8/28/2017 10:27:46 AM, Info: Terminating SIMPLSharp Services
8/28/2017 10:27:46 AM, Info: Saving project information...
8/28/2017 10:27:46 AM, Info: Terminating SIMPLSharp Services
8/28/2017 10:27:46 AM, Info: Saving project information...
8/28/2017 10:27:46 AM, Info: Terminating SIMPLSharp Services
8/28/2017 10:27:46 AM, Info: Saving project information...
8/28/2017 10:27:46 AM, Info: Terminating SIMPLSharp Services
8/28/2017 10:27:46 AM, Info: Saving project information...
8/28/2017 10:27:46 AM, Info: Terminating SIMPLSharp Services
8/28/2017 10:27:46 AM, Info: Saving project information...
8/28/2017 10:27:46 AM, Info: Terminating SIMPLSharp Services
8/28/2017 10:27:46 AM, Info: Saving project information...
8/28/2017 10:27:46 AM, Info: Terminating SIMPLSharp Services
8/28/2017 10:27:46 AM, Info: Saving project information...
8/28/2017 10:27:46 AM, Info: Terminating SIMPLSharp Services
8/28/2017 10:27:46 AM, Info: Saving project information...
8/28/2017 10:27:46 AM, Info: Terminating SIMPLSharp Services
8/28/2017 10:27:46 AM, Info: Saving project information...
8/28/2017 10:27:46 AM, Info: Terminating SIMPLSharp Services
8/28/2017 10:27:46 AM, Info: Saving project information...
8/28/2017 10:27:46 AM, Info: Terminating SIMPLSharp Services
8/28/2017 10:27:46 AM, Info: Saving project information...
8/28/2017 10:27:46 AM, Info: Terminating SIMPLSharp Services
8/28/2017 10:27:46 AM, Info: Saving project information...
8/28/2017 10:27:46 AM, Info: Terminating SIMPLSharp Services
8/28/2017 10:27:46 AM, Info: Saving project information...
8/28/2017 10:27:46 AM, Info: Terminating SIMPLSharp Services
8/28/2017 10:27:46 AM, Info: Saving project information...
8/28/2017 10:27:46 AM, Info: Terminating SIMPLSharp Services
8/28/2017 10:27:46 AM, Info: Saving project information...
8/28/2017 10:27:46 AM, Info: Terminating SIMPLSharp Services
8/28/2017 10:27:46 AM, Info: Saving project information...
8/28/2017 10:27:46 AM, Info: Terminating SIMPLSharp Services
8/28/2017 10:27:46 AM, Info: Saving project information...
8/28/2017 10:27:46 AM, Info: Terminating SIMPLSharp Services
8/28/2017 10:27:46 AM, Info: Saving project information...
8/28/2017 10:27:46 AM, Info: Terminating SIMPLSharp Services
8/28/2017 10:27:46 AM, Info: Saving project information...
8/28/2017 10:27:46 AM, Info: Terminating SIMPLSharp Services
8/28/2017 10:27:46 AM, Info: Saving project information...
8/28/2017 10:27:46 AM, Info: Terminating SIMPLSharp Services
8/28/2017 10:27:46 AM, Info: Saving project information...
8/28/2017 10:27:46 AM, Info: Terminating SIMPLSharp Services
8/28/2017 10:27:46 AM, Info: Saving project information...
8/28/2017 10:27:46 AM, Info: Terminating SIMPLSharp Services
8/28/2017 10:27:46 AM, Info: Saving project information...
8/28/2017 10:27:46 AM, Info: Terminating SIMPLSharp Services
8/28/2017 10:27:46 AM, Info: Saving project information...
8/28/2017 10:27:46 AM, Info: Terminating SIMPLSharp Services
8/28/2017 10:27:46 AM, Info: Saving project information...
8/28/2017 10:27:46 AM, Info: Terminating SIMPLSharp Services
8/28/2017 10:27:46 AM, Info: Saving project information...
8/28/2017 10:27:46 AM, Info: Terminating SIMPLSharp Services
8/28/2017 10:27:46 AM, Info: Saving project information...
8/28/2017 10:27:46 AM, Info: Terminating SIMPLSharp Services
8/28/2017 10:27:46 AM, Info: Saving project information...
8/28/2017 10:27:46 AM, Info: Terminating SIMPLSharp Services
8/28/2017 10:27:46 AM, Info: Saving project information...
8/28/2017 10:27:46 AM, Info: Terminating SIMPLSharp Services
8/28/2017 10:27:46 AM, Info: Saving project information...
8/28/2017 10:27:46 AM, Info: Terminating SIMPLSharp Services
8/28/2017 10:27:46 AM, Info: Saving project information...
8/28/2017 10:27:46 AM, Info: Terminating SIMPLSharp Services
8/28/2017 10:27:46 AM, Info: Saving project information...
8/28/2017 10:27:46 AM, Info: Terminating SIMPLSharp Services
8/28/2017 10:27:46 AM, Info: Saving project information...
8/28/2017 10:27:46 AM, Info: Terminating SIMPLSharp Services
8/28/2017 10:27:46 AM, Info: Saving project information...
8/28/2017 10:27:46 AM, Info: Terminating SIMPLSharp Services
8/28/2017 10:27:46 AM, Info: Saving project information...
8/28/2017 10:27:46 AM, Info: Terminating SIMPLSharp Services
8/28/2017 10:27:46 AM, Info: Saving project information...
8/28/2017 10:27:46 AM, Info: Terminating SIMPLSharp Services
8/28/2017 10:27:46 AM, Info: Saving project information...
8/28/2017 10:27:46 AM, Info: Terminating SIMPLSharp Services
8/28/2017 10:27:46 AM, Info: Saving project information...
8/28/2017 10:27:46 AM, Info: Terminating SIMPLSharp Services
8/28/2017 10:27:46 AM, Info: Saving project information...
8/28/2017 10:27:46 AM, Info: Terminating SIMPLSharp Services
8/28/2017 10:27:46 AM, Info: Saving project information...
8/28/2017 10:27:46 AM, Info: Terminating SIMPLSharp Services
8/28/2017 10:27:46 AM, Info: Saving project information...
8/28/2017 10:27:46 AM, Info: Terminating SIMPLSharp Services
8/28/2017 10:27:46 AM, Info: Saving project information...
8/28/2017 10:27:46 AM, Info: Terminating SIMPLSharp Services
8/28/2017 10:27:46 AM, Info: Saving project information...
8/28/2017 10:27:46 AM, Info: Terminating SIMPLSharp Services
8/28/2017 10:27:46 AM, Info: Saving project information...
8/28/2017 10:27:46 AM, Info: Terminating SIMPLSharp Services
8/28/2017 10:27:46 AM, Info: Saving project information...
8/28/2017 10:27:46 AM, Info: Terminating SIMPLSharp Services
8/28/2017 10:27:46 AM, Info: Saving project information...
8/28/2017 10:27:46 AM, Info: Terminating SIMPLSharp Services
8/28/2017 10:27:46 AM, Info: Saving project information...
8/28/2017 10:27:46 AM, Info: Terminating SIMPLSharp Services
8/28/2017 10:27:46 AM, Info: Saving project information...
8/28/2017 10:27:46 AM, Info: Terminating SIMPLSharp Services
8/28/2017 10:27:46 AM, Info: Saving project information...
8/28/2017 10:27:46 AM, Info: Terminating SIMPLSharp Services
8/28/2017 10:27:46 AM, Info: Saving project information...
8/28/2017 10:27:46 AM, Info: Terminating SIMPLSharp Services
8/28/2017 10:27:46 AM, Info: Saving project information...
8/28/2017 10:27:46 AM, Info: Terminating SIMPLSharp Services
8/28/2017 10:27:46 AM, Info: Saving project information...
8/28/2017 10:27:46 AM, Info: Terminating SIMPLSharp Services
8/28/2017 10:27:46 AM, Info: Saving project information...
8/28/2017 10:27:46 AM, Info: Terminating SIMPLSharp Services
