8/23/2017 12:11:15 PM, Info: Initializing SIMPLSharp Services...
8/23/2017 12:11:15 PM, Info: ProjectInfo successfully initialized.
8/23/2017 12:11:18 PM, Info: Commiting verification transaction...
8/23/2017 12:11:18 PM, Info: Saving project information...
8/23/2017 12:14:29 PM, Info: Initializing SIMPLSharp Services...
8/23/2017 12:14:29 PM, Info: ProjectInfo successfully initialized.
8/23/2017 12:14:31 PM, Info: Commiting verification transaction...
8/23/2017 12:14:31 PM, Info: Saving project information...
8/23/2017 12:15:23 PM, Info: Initializing SIMPLSharp Services...
8/23/2017 12:15:23 PM, Info: ProjectInfo successfully initialized.
8/23/2017 12:15:24 PM, Info: Commiting verification transaction...
8/23/2017 12:15:24 PM, Info: Saving project information...
8/23/2017 12:29:19 PM, Info: Initializing SIMPLSharp Services...
8/23/2017 12:29:19 PM, Info: ProjectInfo successfully initialized.
8/23/2017 12:29:22 PM, Info: Commiting verification transaction...
8/23/2017 12:29:22 PM, Info: Saving project information...
8/23/2017 12:30:43 PM, Info: Initializing SIMPLSharp Services...
8/23/2017 12:30:43 PM, Info: ProjectInfo successfully initialized.
8/23/2017 12:30:45 PM, Info: Commiting verification transaction...
8/23/2017 12:30:45 PM, Info: Saving project information...
8/23/2017 12:55:40 PM, Info: Initializing SIMPLSharp Services...
8/23/2017 12:55:40 PM, Info: ProjectInfo successfully initialized.
8/23/2017 12:55:43 PM, Info: Commiting verification transaction...
8/23/2017 12:55:43 PM, Info: Saving project information...
8/23/2017 12:56:00 PM, Info: Initializing SIMPLSharp Services...
8/23/2017 12:56:00 PM, Info: ProjectInfo successfully initialized.
8/23/2017 12:56:02 PM, Info: Commiting verification transaction...
8/23/2017 12:56:02 PM, Info: Saving project information...
8/23/2017 12:57:01 PM, Info: Initializing SIMPLSharp Services...
8/23/2017 12:57:01 PM, Info: ProjectInfo successfully initialized.
8/23/2017 12:57:03 PM, Info: Commiting verification transaction...
8/23/2017 12:57:03 PM, Info: Saving project information...
8/23/2017 1:06:30 PM, Info: Initializing SIMPLSharp Services...
8/23/2017 1:06:30 PM, Info: ProjectInfo successfully initialized.
8/23/2017 1:06:31 PM, Info: Commiting verification transaction...
8/23/2017 1:06:31 PM, Info: Saving project information...
8/23/2017 1:08:52 PM, Info: Initializing SIMPLSharp Services...
8/23/2017 1:08:52 PM, Info: ProjectInfo successfully initialized.
8/23/2017 1:08:53 PM, Info: Commiting verification transaction...
8/23/2017 1:08:53 PM, Info: Saving project information...
8/23/2017 1:09:13 PM, Info: Initializing SIMPLSharp Services...
8/23/2017 1:09:13 PM, Info: ProjectInfo successfully initialized.
8/23/2017 1:09:14 PM, Info: Commiting verification transaction...
8/23/2017 1:09:14 PM, Info: Saving project information...
8/23/2017 1:15:18 PM, Info: Initializing SIMPLSharp Services...
8/23/2017 1:15:18 PM, Info: ProjectInfo successfully initialized.
8/23/2017 1:15:20 PM, Info: Commiting verification transaction...
8/23/2017 1:15:20 PM, Info: Saving project information...
8/23/2017 2:12:26 PM, Info: Initializing SIMPLSharp Services...
8/23/2017 2:12:26 PM, Info: ProjectInfo successfully initialized.
8/23/2017 2:12:28 PM, Info: Commiting verification transaction...
8/23/2017 2:12:28 PM, Info: Saving project information...
8/23/2017 2:20:31 PM, Info: Initializing SIMPLSharp Services...
8/23/2017 2:20:31 PM, Info: ProjectInfo successfully initialized.
8/23/2017 2:20:33 PM, Info: Commiting verification transaction...
8/23/2017 2:20:33 PM, Info: Saving project information...
8/23/2017 2:29:23 PM, Info: Initializing SIMPLSharp Services...
8/23/2017 2:29:23 PM, Info: ProjectInfo successfully initialized.
8/23/2017 2:29:26 PM, Info: Commiting verification transaction...
8/23/2017 2:29:26 PM, Info: Saving project information...
8/23/2017 2:30:03 PM, Info: Initializing SIMPLSharp Services...
8/23/2017 2:30:03 PM, Info: ProjectInfo successfully initialized.
8/23/2017 2:30:06 PM, Info: Commiting verification transaction...
8/23/2017 2:30:06 PM, Info: Saving project information...
8/23/2017 2:47:06 PM, Info: Initializing SIMPLSharp Services...
8/23/2017 2:47:06 PM, Info: ProjectInfo successfully initialized.
8/23/2017 2:47:09 PM, Info: Commiting verification transaction...
8/23/2017 2:47:09 PM, Info: Saving project information...
8/23/2017 2:48:16 PM, Info: Initializing SIMPLSharp Services...
8/23/2017 2:48:16 PM, Info: ProjectInfo successfully initialized.
8/23/2017 2:48:19 PM, Info: Commiting verification transaction...
8/23/2017 2:48:19 PM, Info: Saving project information...
8/23/2017 2:50:26 PM, Info: Initializing SIMPLSharp Services...
8/23/2017 2:50:26 PM, Info: ProjectInfo successfully initialized.
8/23/2017 2:50:28 PM, Info: Commiting verification transaction...
8/23/2017 2:50:28 PM, Info: Saving project information...
8/23/2017 3:11:25 PM, Info: Initializing SIMPLSharp Services...
8/23/2017 3:11:25 PM, Info: ProjectInfo successfully initialized.
8/23/2017 3:11:26 PM, Info: Commiting verification transaction...
8/23/2017 3:11:26 PM, Info: Saving project information...
8/23/2017 4:02:00 PM, Info: Initializing SIMPLSharp Services...
8/23/2017 4:02:00 PM, Info: ProjectInfo successfully initialized.
8/23/2017 4:02:01 PM, Info: Commiting verification transaction...
8/23/2017 4:02:01 PM, Info: Saving project information...
8/23/2017 4:06:11 PM, Info: Initializing SIMPLSharp Services...
8/23/2017 4:06:11 PM, Info: ProjectInfo successfully initialized.
8/23/2017 4:06:13 PM, Info: Commiting verification transaction...
8/23/2017 4:06:13 PM, Info: Saving project information...
8/23/2017 4:10:11 PM, Info: Initializing SIMPLSharp Services...
8/23/2017 4:10:11 PM, Info: ProjectInfo successfully initialized.
8/23/2017 4:10:13 PM, Info: Commiting verification transaction...
8/23/2017 4:10:13 PM, Info: Saving project information...
8/23/2017 5:48:08 PM, Info: Initializing SIMPLSharp Services...
8/23/2017 5:48:08 PM, Info: ProjectInfo successfully initialized.
8/23/2017 5:48:09 PM, Info: Commiting verification transaction...
8/23/2017 5:48:09 PM, Info: Saving project information...
8/23/2017 5:52:18 PM, Info: Initializing SIMPLSharp Services...
8/23/2017 5:52:18 PM, Info: ProjectInfo successfully initialized.
8/23/2017 5:52:19 PM, Info: Commiting verification transaction...
8/23/2017 5:52:19 PM, Info: Saving project information...
8/23/2017 7:07:02 PM, Info: Initializing SIMPLSharp Services...
8/23/2017 7:07:02 PM, Info: ProjectInfo successfully initialized.
8/23/2017 7:07:06 PM, Info: Commiting verification transaction...
8/23/2017 7:07:06 PM, Info: Saving project information...
8/23/2017 7:08:27 PM, Info: Initializing SIMPLSharp Services...
8/23/2017 7:08:27 PM, Info: ProjectInfo successfully initialized.
8/23/2017 7:08:30 PM, Info: Commiting verification transaction...
8/23/2017 7:08:30 PM, Info: Saving project information...
8/23/2017 7:18:22 PM, Info: Initializing SIMPLSharp Services...
8/23/2017 7:18:22 PM, Info: ProjectInfo successfully initialized.
8/23/2017 7:18:25 PM, Info: Commiting verification transaction...
8/23/2017 7:18:25 PM, Info: Saving project information...
8/23/2017 7:18:43 PM, Info: Initializing SIMPLSharp Services...
8/23/2017 7:18:43 PM, Info: ProjectInfo successfully initialized.
8/23/2017 7:18:46 PM, Info: Commiting verification transaction...
8/23/2017 7:18:46 PM, Info: Saving project information...
8/24/2017 9:22:41 AM, Info: Initializing SIMPLSharp Services...
8/24/2017 9:22:41 AM, Info: ProjectInfo successfully initialized.
8/24/2017 9:22:44 AM, Info: Commiting verification transaction...
8/24/2017 9:22:44 AM, Info: Saving project information...
8/24/2017 9:34:00 AM, Info: Initializing SIMPLSharp Services...
8/24/2017 9:34:00 AM, Info: ProjectInfo successfully initialized.
8/24/2017 9:34:04 AM, Info: Commiting verification transaction...
8/24/2017 9:34:04 AM, Info: Saving project information...
8/24/2017 9:37:15 AM, Info: Initializing SIMPLSharp Services...
8/24/2017 9:37:15 AM, Info: ProjectInfo successfully initialized.
8/24/2017 9:37:18 AM, Info: Commiting verification transaction...
8/24/2017 9:37:18 AM, Info: Saving project information...
8/24/2017 9:53:28 AM, Info: Initializing SIMPLSharp Services...
8/24/2017 9:53:28 AM, Info: ProjectInfo successfully initialized.
8/24/2017 9:53:31 AM, Info: Commiting verification transaction...
8/24/2017 9:53:31 AM, Info: Saving project information...
8/24/2017 9:54:13 AM, Info: Initializing SIMPLSharp Services...
8/24/2017 9:54:13 AM, Info: ProjectInfo successfully initialized.
8/24/2017 9:54:17 AM, Info: Commiting verification transaction...
8/24/2017 9:54:17 AM, Info: Saving project information...
8/24/2017 10:05:01 AM, Info: Initializing SIMPLSharp Services...
8/24/2017 10:05:01 AM, Info: ProjectInfo successfully initialized.
8/24/2017 10:05:05 AM, Info: Commiting verification transaction...
8/24/2017 10:05:05 AM, Info: Saving project information...
8/24/2017 10:06:14 AM, Info: Initializing SIMPLSharp Services...
8/24/2017 10:06:14 AM, Info: ProjectInfo successfully initialized.
8/24/2017 10:06:17 AM, Info: Commiting verification transaction...
8/24/2017 10:06:17 AM, Info: Saving project information...
8/24/2017 10:07:07 AM, Info: Initializing SIMPLSharp Services...
8/24/2017 10:07:07 AM, Info: ProjectInfo successfully initialized.
8/24/2017 10:07:11 AM, Info: Commiting verification transaction...
8/24/2017 10:07:11 AM, Info: Saving project information...
8/24/2017 10:08:02 AM, Info: Initializing SIMPLSharp Services...
8/24/2017 10:08:02 AM, Info: ProjectInfo successfully initialized.
8/24/2017 10:08:06 AM, Info: Commiting verification transaction...
8/24/2017 10:08:06 AM, Info: Saving project information...
8/24/2017 10:08:46 AM, Info: Initializing SIMPLSharp Services...
8/24/2017 10:08:46 AM, Info: ProjectInfo successfully initialized.
8/24/2017 10:08:49 AM, Info: Commiting verification transaction...
8/24/2017 10:08:49 AM, Info: Saving project information...
8/24/2017 10:19:35 AM, Info: Initializing SIMPLSharp Services...
8/24/2017 10:19:35 AM, Info: ProjectInfo successfully initialized.
8/24/2017 10:19:38 AM, Info: Commiting verification transaction...
8/24/2017 10:19:38 AM, Info: Saving project information...
8/24/2017 10:20:19 AM, Info: Initializing SIMPLSharp Services...
8/24/2017 10:20:19 AM, Info: ProjectInfo successfully initialized.
8/24/2017 10:20:22 AM, Info: Commiting verification transaction...
8/24/2017 10:20:22 AM, Info: Saving project information...
8/24/2017 10:24:23 AM, Info: Initializing SIMPLSharp Services...
8/24/2017 10:24:23 AM, Info: ProjectInfo successfully initialized.
8/24/2017 10:24:27 AM, Info: Commiting verification transaction...
8/24/2017 10:24:27 AM, Info: Saving project information...
8/24/2017 10:25:40 AM, Info: Initializing SIMPLSharp Services...
8/24/2017 10:25:40 AM, Info: ProjectInfo successfully initialized.
8/24/2017 10:25:43 AM, Info: Commiting verification transaction...
8/24/2017 10:25:43 AM, Info: Saving project information...
8/24/2017 10:56:55 AM, Info: Initializing SIMPLSharp Services...
8/24/2017 10:56:55 AM, Info: ProjectInfo successfully initialized.
8/24/2017 10:56:59 AM, Info: Commiting verification transaction...
8/24/2017 10:56:59 AM, Info: Saving project information...
8/24/2017 11:07:53 AM, Info: Initializing SIMPLSharp Services...
8/24/2017 11:07:53 AM, Info: ProjectInfo successfully initialized.
8/24/2017 11:07:57 AM, Info: Commiting verification transaction...
8/24/2017 11:07:57 AM, Info: Saving project information...
8/24/2017 11:09:09 AM, Info: Initializing SIMPLSharp Services...
8/24/2017 11:09:09 AM, Info: ProjectInfo successfully initialized.
8/24/2017 11:09:13 AM, Info: Commiting verification transaction...
8/24/2017 11:09:13 AM, Info: Saving project information...
8/24/2017 11:11:56 AM, Info: Initializing SIMPLSharp Services...
8/24/2017 11:11:56 AM, Info: ProjectInfo successfully initialized.
8/24/2017 11:12:01 AM, Info: Commiting verification transaction...
8/24/2017 11:12:01 AM, Info: Saving project information...
8/24/2017 11:15:05 AM, Info: Initializing SIMPLSharp Services...
8/24/2017 11:15:05 AM, Info: ProjectInfo successfully initialized.
8/24/2017 11:15:09 AM, Info: Commiting verification transaction...
8/24/2017 11:15:09 AM, Info: Saving project information...
8/24/2017 11:19:34 AM, Info: Initializing SIMPLSharp Services...
8/24/2017 11:19:34 AM, Info: ProjectInfo successfully initialized.
8/24/2017 11:19:37 AM, Info: Commiting verification transaction...
8/24/2017 11:19:37 AM, Info: Saving project information...
8/24/2017 11:19:45 AM, Info: Initializing SIMPLSharp Services...
8/24/2017 11:19:45 AM, Info: ProjectInfo successfully initialized.
8/24/2017 11:19:49 AM, Info: Commiting verification transaction...
8/24/2017 11:19:49 AM, Info: Saving project information...
8/24/2017 11:34:58 AM, Info: Initializing SIMPLSharp Services...
8/24/2017 11:34:58 AM, Info: ProjectInfo successfully initialized.
8/24/2017 11:35:02 AM, Info: Commiting verification transaction...
8/24/2017 11:35:02 AM, Info: Saving project information...
8/24/2017 11:35:20 AM, Info: Initializing SIMPLSharp Services...
8/24/2017 11:35:20 AM, Info: ProjectInfo successfully initialized.
8/24/2017 11:35:23 AM, Info: Commiting verification transaction...
8/24/2017 11:35:23 AM, Info: Saving project information...
8/24/2017 11:40:34 AM, Info: Initializing SIMPLSharp Services...
8/24/2017 11:40:34 AM, Info: ProjectInfo successfully initialized.
8/24/2017 11:40:38 AM, Info: Commiting verification transaction...
8/24/2017 11:40:38 AM, Info: Saving project information...
8/24/2017 12:00:36 PM, Info: Initializing SIMPLSharp Services...
8/24/2017 12:00:36 PM, Info: ProjectInfo successfully initialized.
8/24/2017 12:00:40 PM, Info: Commiting verification transaction...
8/24/2017 12:00:40 PM, Info: Saving project information...
8/24/2017 12:09:48 PM, Info: Initializing SIMPLSharp Services...
8/24/2017 12:09:48 PM, Info: ProjectInfo successfully initialized.
8/24/2017 12:09:52 PM, Info: Commiting verification transaction...
8/24/2017 12:09:52 PM, Info: Saving project information...
8/24/2017 12:45:33 PM, Info: Initializing SIMPLSharp Services...
8/24/2017 12:45:33 PM, Info: ProjectInfo successfully initialized.
8/24/2017 12:45:37 PM, Info: Commiting verification transaction...
8/24/2017 12:45:37 PM, Info: Saving project information...
8/24/2017 12:56:02 PM, Info: Initializing SIMPLSharp Services...
8/24/2017 12:56:02 PM, Info: ProjectInfo successfully initialized.
8/24/2017 12:56:06 PM, Info: Commiting verification transaction...
8/24/2017 12:56:06 PM, Info: Saving project information...
8/24/2017 2:22:33 PM, Info: Initializing SIMPLSharp Services...
8/24/2017 2:22:33 PM, Info: ProjectInfo successfully initialized.
8/24/2017 2:22:37 PM, Info: Commiting verification transaction...
8/24/2017 2:22:37 PM, Info: Saving project information...
8/24/2017 2:44:15 PM, Info: Initializing SIMPLSharp Services...
8/24/2017 2:44:15 PM, Info: ProjectInfo successfully initialized.
8/24/2017 2:44:19 PM, Info: Commiting verification transaction...
8/24/2017 2:44:19 PM, Info: Saving project information...
8/24/2017 2:46:16 PM, Info: Initializing SIMPLSharp Services...
8/24/2017 2:46:16 PM, Info: ProjectInfo successfully initialized.
8/24/2017 2:46:20 PM, Info: Commiting verification transaction...
8/24/2017 2:46:20 PM, Info: Saving project information...
8/24/2017 4:13:11 PM, Info: Initializing SIMPLSharp Services...
8/24/2017 4:13:11 PM, Info: ProjectInfo successfully initialized.
8/24/2017 4:13:15 PM, Info: Commiting verification transaction...
8/24/2017 4:13:15 PM, Info: Saving project information...
8/24/2017 4:59:39 PM, Info: Initializing SIMPLSharp Services...
8/24/2017 4:59:39 PM, Info: ProjectInfo successfully initialized.
8/24/2017 4:59:44 PM, Info: Commiting verification transaction...
8/24/2017 4:59:44 PM, Info: Saving project information...
8/24/2017 7:33:22 PM, Info: Initializing SIMPLSharp Services...
8/24/2017 7:33:22 PM, Info: ProjectInfo successfully initialized.
8/24/2017 7:33:26 PM, Info: Commiting verification transaction...
8/24/2017 7:33:26 PM, Info: Saving project information...
8/24/2017 7:34:55 PM, Info: Initializing SIMPLSharp Services...
