8/24/2017 5:59:13 PM, Info: Initializing SIMPLSharp Services...
8/24/2017 5:59:13 PM, Info: ProjectInfo successfully initialized.
8/24/2017 5:59:20 PM, Info: Commiting verification transaction...
8/24/2017 5:59:20 PM, Info: Saving project information...
8/24/2017 5:59:54 PM, Info: Initializing SIMPLSharp Services...
8/24/2017 5:59:54 PM, Info: ProjectInfo successfully initialized.
8/24/2017 6:00:01 PM, Info: Commiting verification transaction...
8/24/2017 6:00:01 PM, Info: Saving project information...
8/24/2017 6:00:38 PM, Info: Initializing SIMPLSharp Services...
8/24/2017 6:00:38 PM, Info: ProjectInfo successfully initialized.
8/24/2017 6:00:45 PM, Info: Commiting verification transaction...
8/24/2017 6:00:45 PM, Info: Saving project information...
8/24/2017 6:09:24 PM, Info: Initializing SIMPLSharp Services...
8/24/2017 6:09:24 PM, Info: ProjectInfo successfully initialized.
8/24/2017 6:09:32 PM, Info: Commiting verification transaction...
8/24/2017 6:09:32 PM, Info: Saving project information...
8/24/2017 6:11:08 PM, Info: Initializing SIMPLSharp Services...
8/24/2017 6:11:08 PM, Info: ProjectInfo successfully initialized.
8/24/2017 6:11:16 PM, Info: Commiting verification transaction...
8/24/2017 6:11:16 PM, Info: Saving project information...
8/24/2017 6:11:29 PM, Info: Terminating SIMPLSharp Services
8/24/2017 6:11:29 PM, Info: Saving project information...
8/24/2017 6:11:29 PM, Info: Terminating SIMPLSharp Services
8/24/2017 6:11:29 PM, Info: Saving project information...
8/24/2017 6:11:29 PM, Info: Terminating SIMPLSharp Services
8/24/2017 6:11:29 PM, Info: Saving project information...
8/24/2017 6:11:29 PM, Info: Terminating SIMPLSharp Services
8/24/2017 6:11:29 PM, Info: Saving project information...
8/24/2017 6:11:29 PM, Info: Terminating SIMPLSharp Services
