8/21/2017 10:35:36 AM, Info: Initializing SIMPLSharp Services...
8/21/2017 10:35:37 AM, Info: ProjectInfo successfully initialized.
8/21/2017 10:35:43 AM, Info: Commiting verification transaction...
8/21/2017 10:35:43 AM, Info: Saving project information...
8/21/2017 10:56:57 AM, Info: Initializing SIMPLSharp Services...
8/21/2017 10:56:57 AM, Info: ProjectInfo successfully initialized.
8/21/2017 10:57:04 AM, Info: Commiting verification transaction...
8/21/2017 10:57:04 AM, Info: Saving project information...
8/21/2017 11:18:05 AM, Info: Initializing SIMPLSharp Services...
8/21/2017 11:18:05 AM, Info: ProjectInfo successfully initialized.
8/21/2017 11:18:11 AM, Info: Commiting verification transaction...
8/21/2017 11:18:11 AM, Info: Saving project information...
8/21/2017 11:20:06 AM, Info: Initializing SIMPLSharp Services...
8/21/2017 11:20:06 AM, Info: ProjectInfo successfully initialized.
8/21/2017 11:20:12 AM, Info: Commiting verification transaction...
8/21/2017 11:20:12 AM, Info: Saving project information...
8/21/2017 11:20:22 AM, Info: Initializing SIMPLSharp Services...
8/21/2017 11:20:22 AM, Info: ProjectInfo successfully initialized.
8/21/2017 11:20:28 AM, Info: Commiting verification transaction...
8/21/2017 11:20:28 AM, Info: Saving project information...
8/21/2017 11:21:45 AM, Info: Initializing SIMPLSharp Services...
8/21/2017 11:21:45 AM, Info: ProjectInfo successfully initialized.
8/21/2017 11:21:51 AM, Info: Commiting verification transaction...
8/21/2017 11:21:51 AM, Info: Saving project information...
8/21/2017 11:37:20 AM, Info: Initializing SIMPLSharp Services...
8/21/2017 11:37:20 AM, Info: ProjectInfo successfully initialized.
8/21/2017 11:37:26 AM, Info: Commiting verification transaction...
8/21/2017 11:37:26 AM, Info: Saving project information...
8/21/2017 5:08:11 PM, Info: Terminating SIMPLSharp Services
8/21/2017 5:08:11 PM, Info: Saving project information...
8/21/2017 5:08:11 PM, Info: Terminating SIMPLSharp Services
8/21/2017 5:08:11 PM, Info: Saving project information...
8/21/2017 5:08:11 PM, Info: Terminating SIMPLSharp Services
8/21/2017 5:08:11 PM, Info: Saving project information...
8/21/2017 5:08:11 PM, Info: Terminating SIMPLSharp Services
8/21/2017 5:08:11 PM, Info: Saving project information...
8/21/2017 5:08:11 PM, Info: Terminating SIMPLSharp Services
8/21/2017 5:08:11 PM, Info: Saving project information...
8/21/2017 5:08:11 PM, Info: Terminating SIMPLSharp Services
8/21/2017 5:08:11 PM, Info: Saving project information...
8/21/2017 5:08:11 PM, Info: Terminating SIMPLSharp Services
