8/22/2017 11:36:33 AM, Info: Initializing SIMPLSharp Services...
8/22/2017 11:36:33 AM, Info: ProjectInfo successfully initialized.
8/22/2017 11:36:39 AM, Info: Commiting verification transaction...
8/22/2017 11:36:39 AM, Info: Saving project information...
8/22/2017 11:42:27 AM, Info: Initializing SIMPLSharp Services...
8/22/2017 11:42:27 AM, Info: ProjectInfo successfully initialized.
8/22/2017 11:42:33 AM, Info: Commiting verification transaction...
8/22/2017 11:42:33 AM, Info: Saving project information...
8/22/2017 11:44:32 AM, Info: Initializing SIMPLSharp Services...
8/22/2017 11:44:32 AM, Info: ProjectInfo successfully initialized.
8/22/2017 11:44:38 AM, Info: Commiting verification transaction...
8/22/2017 11:44:38 AM, Info: Saving project information...
8/22/2017 11:57:05 AM, Info: Initializing SIMPLSharp Services...
8/22/2017 11:57:05 AM, Info: ProjectInfo successfully initialized.
8/22/2017 11:57:10 AM, Info: Commiting verification transaction...
8/22/2017 11:57:10 AM, Info: Saving project information...
8/22/2017 12:02:17 PM, Info: Initializing SIMPLSharp Services...
8/22/2017 12:02:17 PM, Info: ProjectInfo successfully initialized.
8/22/2017 12:02:22 PM, Info: Commiting verification transaction...
8/22/2017 12:02:22 PM, Info: Saving project information...
8/22/2017 12:02:36 PM, Info: Initializing SIMPLSharp Services...
8/22/2017 12:02:36 PM, Info: ProjectInfo successfully initialized.
8/22/2017 12:02:42 PM, Info: Commiting verification transaction...
8/22/2017 12:02:42 PM, Info: Saving project information...
8/22/2017 12:04:29 PM, Info: Initializing SIMPLSharp Services...
8/22/2017 12:04:29 PM, Info: ProjectInfo successfully initialized.
8/22/2017 12:06:05 PM, Info: Commiting verification transaction...
8/22/2017 12:06:05 PM, Info: Saving project information...
8/22/2017 1:19:49 PM, Info: Initializing SIMPLSharp Services...
8/22/2017 1:19:49 PM, Info: ProjectInfo successfully initialized.
8/22/2017 1:19:55 PM, Info: Commiting verification transaction...
8/22/2017 1:19:55 PM, Info: Saving project information...
8/22/2017 1:21:14 PM, Info: Initializing SIMPLSharp Services...
8/22/2017 1:21:14 PM, Info: ProjectInfo successfully initialized.
8/22/2017 1:21:20 PM, Info: Commiting verification transaction...
8/22/2017 1:21:20 PM, Info: Saving project information...
8/22/2017 1:23:18 PM, Info: Initializing SIMPLSharp Services...
8/22/2017 1:23:18 PM, Info: ProjectInfo successfully initialized.
8/22/2017 1:23:24 PM, Info: Commiting verification transaction...
8/22/2017 1:23:24 PM, Info: Saving project information...
8/22/2017 1:50:59 PM, Info: Initializing SIMPLSharp Services...
8/22/2017 1:50:59 PM, Info: ProjectInfo successfully initialized.
8/22/2017 1:51:05 PM, Info: Commiting verification transaction...
8/22/2017 1:51:05 PM, Info: Saving project information...
8/22/2017 1:51:50 PM, Info: Initializing SIMPLSharp Services...
8/22/2017 1:51:50 PM, Info: ProjectInfo successfully initialized.
8/22/2017 1:51:56 PM, Info: Commiting verification transaction...
8/22/2017 1:51:56 PM, Info: Saving project information...
8/22/2017 1:52:16 PM, Info: Initializing SIMPLSharp Services...
8/22/2017 1:52:16 PM, Info: ProjectInfo successfully initialized.
8/22/2017 1:52:22 PM, Info: Commiting verification transaction...
8/22/2017 1:52:22 PM, Info: Saving project information...
8/22/2017 1:52:46 PM, Info: Initializing SIMPLSharp Services...
8/22/2017 1:52:46 PM, Info: ProjectInfo successfully initialized.
8/22/2017 1:52:52 PM, Info: Commiting verification transaction...
8/22/2017 1:52:52 PM, Info: Saving project information...
8/22/2017 2:05:12 PM, Info: Initializing SIMPLSharp Services...
8/22/2017 2:05:12 PM, Info: ProjectInfo successfully initialized.
8/22/2017 2:05:18 PM, Info: Commiting verification transaction...
8/22/2017 2:05:18 PM, Info: Saving project information...
8/22/2017 2:11:06 PM, Info: Initializing SIMPLSharp Services...
8/22/2017 2:11:06 PM, Info: ProjectInfo successfully initialized.
8/22/2017 2:11:11 PM, Info: Commiting verification transaction...
8/22/2017 2:11:11 PM, Info: Saving project information...
8/22/2017 2:17:14 PM, Info: Initializing SIMPLSharp Services...
8/22/2017 2:17:14 PM, Info: ProjectInfo successfully initialized.
8/22/2017 2:17:19 PM, Info: Commiting verification transaction...
8/22/2017 2:17:19 PM, Info: Saving project information...
8/22/2017 2:22:21 PM, Info: Initializing SIMPLSharp Services...
8/22/2017 2:22:21 PM, Info: ProjectInfo successfully initialized.
8/22/2017 2:22:27 PM, Info: Commiting verification transaction...
8/22/2017 2:22:27 PM, Info: Saving project information...
8/22/2017 2:25:54 PM, Info: Initializing SIMPLSharp Services...
8/22/2017 2:25:54 PM, Info: ProjectInfo successfully initialized.
8/22/2017 2:26:00 PM, Info: Commiting verification transaction...
8/22/2017 2:26:00 PM, Info: Saving project information...
8/22/2017 2:31:47 PM, Info: Initializing SIMPLSharp Services...
8/22/2017 2:31:47 PM, Info: ProjectInfo successfully initialized.
8/22/2017 2:31:53 PM, Info: Commiting verification transaction...
8/22/2017 2:31:53 PM, Info: Saving project information...
8/22/2017 3:35:59 PM, Info: Initializing SIMPLSharp Services...
8/22/2017 3:35:59 PM, Info: ProjectInfo successfully initialized.
8/22/2017 3:36:05 PM, Info: Commiting verification transaction...
8/22/2017 3:36:05 PM, Info: Saving project information...
8/22/2017 3:36:51 PM, Info: Initializing SIMPLSharp Services...
8/22/2017 3:36:51 PM, Info: ProjectInfo successfully initialized.
8/22/2017 3:36:57 PM, Info: Commiting verification transaction...
8/22/2017 3:36:57 PM, Info: Saving project information...
8/22/2017 3:43:35 PM, Info: Initializing SIMPLSharp Services...
8/22/2017 3:43:35 PM, Info: ProjectInfo successfully initialized.
8/22/2017 3:43:41 PM, Info: Commiting verification transaction...
8/22/2017 3:43:41 PM, Info: Saving project information...
8/22/2017 3:45:07 PM, Info: Initializing SIMPLSharp Services...
8/22/2017 3:45:07 PM, Info: ProjectInfo successfully initialized.
8/22/2017 3:45:14 PM, Info: Commiting verification transaction...
8/22/2017 3:45:14 PM, Info: Saving project information...
8/23/2017 4:32:20 PM, Info: Initializing SIMPLSharp Services...
8/23/2017 4:32:20 PM, Info: ProjectInfo successfully initialized.
8/23/2017 4:32:26 PM, Info: Commiting verification transaction...
8/23/2017 4:32:26 PM, Info: Saving project information...
8/23/2017 4:33:12 PM, Info: Initializing SIMPLSharp Services...
8/23/2017 4:33:12 PM, Info: ProjectInfo successfully initialized.
8/23/2017 4:33:19 PM, Info: Commiting verification transaction...
8/23/2017 4:33:19 PM, Info: Saving project information...
8/23/2017 4:33:41 PM, Info: Initializing SIMPLSharp Services...
8/23/2017 4:33:41 PM, Info: ProjectInfo successfully initialized.
8/23/2017 4:33:47 PM, Info: Commiting verification transaction...
8/23/2017 4:33:47 PM, Info: Saving project information...
8/23/2017 4:35:57 PM, Info: Initializing SIMPLSharp Services...
8/23/2017 4:35:57 PM, Info: ProjectInfo successfully initialized.
8/23/2017 4:36:03 PM, Info: Commiting verification transaction...
8/23/2017 4:36:03 PM, Info: Saving project information...
8/23/2017 4:42:12 PM, Info: Initializing SIMPLSharp Services...
8/23/2017 4:42:12 PM, Info: ProjectInfo successfully initialized.
8/23/2017 4:42:18 PM, Info: Commiting verification transaction...
8/23/2017 4:42:18 PM, Info: Saving project information...
8/23/2017 4:42:42 PM, Info: Initializing SIMPLSharp Services...
8/23/2017 4:42:42 PM, Info: ProjectInfo successfully initialized.
8/23/2017 4:42:48 PM, Info: Commiting verification transaction...
8/23/2017 4:42:48 PM, Info: Saving project information...
8/23/2017 4:43:09 PM, Info: Initializing SIMPLSharp Services...
8/23/2017 4:43:09 PM, Info: ProjectInfo successfully initialized.
8/23/2017 4:43:15 PM, Info: Commiting verification transaction...
8/23/2017 4:43:15 PM, Info: Saving project information...
8/24/2017 5:26:27 PM, Info: Initializing SIMPLSharp Services...
8/24/2017 5:26:27 PM, Info: ProjectInfo successfully initialized.
8/24/2017 5:26:34 PM, Info: Commiting verification transaction...
8/24/2017 5:26:34 PM, Info: Saving project information...
8/24/2017 5:27:12 PM, Info: Initializing SIMPLSharp Services...
8/24/2017 5:27:12 PM, Info: ProjectInfo successfully initialized.
8/24/2017 5:27:18 PM, Info: Commiting verification transaction...
8/24/2017 5:27:18 PM, Info: Saving project information...
8/24/2017 5:29:16 PM, Info: Initializing SIMPLSharp Services...
8/24/2017 5:29:16 PM, Info: ProjectInfo successfully initialized.
8/24/2017 5:29:23 PM, Info: Commiting verification transaction...
8/24/2017 5:29:23 PM, Info: Saving project information...
8/24/2017 5:29:38 PM, Info: Initializing SIMPLSharp Services...
8/24/2017 5:29:38 PM, Info: ProjectInfo successfully initialized.
8/24/2017 5:29:45 PM, Info: Commiting verification transaction...
8/24/2017 5:29:45 PM, Info: Saving project information...
8/24/2017 5:32:14 PM, Info: Initializing SIMPLSharp Services...
8/24/2017 5:32:14 PM, Info: ProjectInfo successfully initialized.
8/24/2017 5:32:21 PM, Info: Commiting verification transaction...
8/24/2017 5:32:21 PM, Info: Saving project information...
8/24/2017 5:32:46 PM, Info: Terminating SIMPLSharp Services
8/24/2017 5:32:46 PM, Info: Saving project information...
8/24/2017 5:32:46 PM, Info: Terminating SIMPLSharp Services
8/24/2017 5:32:46 PM, Info: Saving project information...
8/24/2017 5:32:46 PM, Info: Terminating SIMPLSharp Services
8/24/2017 5:32:46 PM, Info: Saving project information...
8/24/2017 5:32:46 PM, Info: Terminating SIMPLSharp Services
8/24/2017 5:32:46 PM, Info: Saving project information...
8/24/2017 5:32:46 PM, Info: Terminating SIMPLSharp Services
8/24/2017 5:32:46 PM, Info: Saving project information...
8/24/2017 5:32:46 PM, Info: Terminating SIMPLSharp Services
8/24/2017 5:32:46 PM, Info: Saving project information...
8/24/2017 5:32:46 PM, Info: Terminating SIMPLSharp Services
8/24/2017 5:32:46 PM, Info: Saving project information...
8/24/2017 5:32:46 PM, Info: Terminating SIMPLSharp Services
8/24/2017 5:32:46 PM, Info: Saving project information...
8/24/2017 5:32:46 PM, Info: Terminating SIMPLSharp Services
8/24/2017 5:32:46 PM, Info: Saving project information...
8/24/2017 5:32:46 PM, Info: Terminating SIMPLSharp Services
8/24/2017 5:32:46 PM, Info: Saving project information...
8/24/2017 5:32:46 PM, Info: Terminating SIMPLSharp Services
8/24/2017 5:32:46 PM, Info: Saving project information...
8/24/2017 5:32:46 PM, Info: Terminating SIMPLSharp Services
8/24/2017 5:32:46 PM, Info: Saving project information...
8/24/2017 5:32:46 PM, Info: Terminating SIMPLSharp Services
8/24/2017 5:32:46 PM, Info: Saving project information...
8/24/2017 5:32:46 PM, Info: Terminating SIMPLSharp Services
8/24/2017 5:32:46 PM, Info: Saving project information...
8/24/2017 5:32:46 PM, Info: Terminating SIMPLSharp Services
8/24/2017 5:32:46 PM, Info: Saving project information...
8/24/2017 5:32:46 PM, Info: Terminating SIMPLSharp Services
8/24/2017 5:32:46 PM, Info: Saving project information...
8/24/2017 5:32:46 PM, Info: Terminating SIMPLSharp Services
8/24/2017 5:32:46 PM, Info: Saving project information...
8/24/2017 5:32:46 PM, Info: Terminating SIMPLSharp Services
8/24/2017 5:32:46 PM, Info: Saving project information...
8/24/2017 5:32:46 PM, Info: Terminating SIMPLSharp Services
8/24/2017 5:32:46 PM, Info: Saving project information...
8/24/2017 5:32:46 PM, Info: Terminating SIMPLSharp Services
8/24/2017 5:32:46 PM, Info: Saving project information...
8/24/2017 5:32:46 PM, Info: Terminating SIMPLSharp Services
8/24/2017 5:32:46 PM, Info: Saving project information...
8/24/2017 5:32:46 PM, Info: Terminating SIMPLSharp Services
8/24/2017 5:32:46 PM, Info: Saving project information...
8/24/2017 5:32:46 PM, Info: Terminating SIMPLSharp Services
8/24/2017 5:32:46 PM, Info: Saving project information...
8/24/2017 5:32:46 PM, Info: Terminating SIMPLSharp Services
8/24/2017 5:32:46 PM, Info: Saving project information...
8/24/2017 5:32:46 PM, Info: Terminating SIMPLSharp Services
8/24/2017 5:32:46 PM, Info: Saving project information...
8/24/2017 5:32:46 PM, Info: Terminating SIMPLSharp Services
8/24/2017 5:32:46 PM, Info: Saving project information...
8/24/2017 5:32:46 PM, Info: Terminating SIMPLSharp Services
8/24/2017 5:32:46 PM, Info: Saving project information...
8/24/2017 5:32:46 PM, Info: Terminating SIMPLSharp Services
8/24/2017 5:32:46 PM, Info: Saving project information...
8/24/2017 5:32:46 PM, Info: Terminating SIMPLSharp Services
8/24/2017 5:32:46 PM, Info: Saving project information...
8/24/2017 5:32:46 PM, Info: Terminating SIMPLSharp Services
8/24/2017 5:32:46 PM, Info: Saving project information...
8/24/2017 5:32:46 PM, Info: Terminating SIMPLSharp Services
8/24/2017 5:32:46 PM, Info: Saving project information...
8/24/2017 5:32:46 PM, Info: Terminating SIMPLSharp Services
8/24/2017 5:32:46 PM, Info: Saving project information...
8/24/2017 5:32:46 PM, Info: Terminating SIMPLSharp Services
8/24/2017 5:32:46 PM, Info: Saving project information...
8/24/2017 5:32:46 PM, Info: Terminating SIMPLSharp Services
8/24/2017 5:32:46 PM, Info: Saving project information...
8/24/2017 5:32:46 PM, Info: Terminating SIMPLSharp Services
8/24/2017 5:32:46 PM, Info: Saving project information...
8/24/2017 5:32:46 PM, Info: Terminating SIMPLSharp Services
