8/24/2017 8:27:54 PM, Info: Initializing SIMPLSharp Services...
8/24/2017 8:27:55 PM, Info: ProjectInfo successfully initialized.
8/24/2017 8:27:55 PM, Info: Verifying archive C:\Users\Andrew Campbell\Dropbox (TAS)\TAS Team Folder\NTA\Golden Gate\Simpl\Audio\QsysControlV3.clz...
8/24/2017 8:27:56 PM, Info: Saving project information...
8/24/2017 8:27:57 PM, Info: Verifying archive C:\Users\Andrew Campbell\Dropbox (TAS)\TAS Team Folder\NTA\Golden Gate\Simpl\Audio\QsysControlV3.clz...
8/24/2017 8:27:57 PM, Info: Saving project information...
8/24/2017 8:27:58 PM, Info: Verifying archive C:\Users\Andrew Campbell\Dropbox (TAS)\TAS Team Folder\NTA\Golden Gate\Simpl\Audio\QsysControlV3.clz...
8/24/2017 8:27:59 PM, Info: Saving project information...
8/24/2017 8:28:00 PM, Info: Commiting verification transaction...
8/24/2017 8:28:00 PM, Info: Saving project information...
8/24/2017 8:28:39 PM, Info: Initializing SIMPLSharp Services...
8/24/2017 8:28:39 PM, Info: ProjectInfo successfully initialized.
8/24/2017 8:28:40 PM, Info: Verifying archive C:\Users\Andrew Campbell\Dropbox (TAS)\TAS Team Folder\NTA\Golden Gate\Simpl\Audio\QsysControlV3.clz...
8/24/2017 8:28:40 PM, Info: Saving project information...
8/24/2017 8:28:41 PM, Info: Verifying archive C:\Users\Andrew Campbell\Dropbox (TAS)\TAS Team Folder\NTA\Golden Gate\Simpl\Audio\QsysControlV3.clz...
8/24/2017 8:28:42 PM, Info: Saving project information...
8/24/2017 8:28:43 PM, Info: Verifying archive C:\Users\Andrew Campbell\Dropbox (TAS)\TAS Team Folder\NTA\Golden Gate\Simpl\Audio\QsysControlV3.clz...
8/24/2017 8:28:43 PM, Info: Saving project information...
8/24/2017 8:28:44 PM, Info: Commiting verification transaction...
8/24/2017 8:28:44 PM, Info: Saving project information...
8/24/2017 8:28:56 PM, Info: Initializing SIMPLSharp Services...
8/24/2017 8:28:56 PM, Info: ProjectInfo successfully initialized.
8/24/2017 8:28:57 PM, Info: Verifying archive C:\Users\Andrew Campbell\Dropbox (TAS)\TAS Team Folder\NTA\Golden Gate\Simpl\Audio\QsysControlV3.clz...
8/24/2017 8:28:57 PM, Info: Saving project information...
8/24/2017 8:28:58 PM, Info: Verifying archive C:\Users\Andrew Campbell\Dropbox (TAS)\TAS Team Folder\NTA\Golden Gate\Simpl\Audio\QsysControlV3.clz...
8/24/2017 8:28:58 PM, Info: Saving project information...
8/24/2017 8:28:59 PM, Info: Verifying archive C:\Users\Andrew Campbell\Dropbox (TAS)\TAS Team Folder\NTA\Golden Gate\Simpl\Audio\QsysControlV3.clz...
8/24/2017 8:28:59 PM, Info: Saving project information...
8/24/2017 8:29:01 PM, Info: Commiting verification transaction...
8/24/2017 8:29:01 PM, Info: Saving project information...
8/24/2017 8:29:58 PM, Info: Initializing SIMPLSharp Services...
8/24/2017 8:29:58 PM, Info: ProjectInfo successfully initialized.
8/24/2017 8:29:59 PM, Info: Verifying archive C:\Users\Andrew Campbell\Dropbox (TAS)\TAS Team Folder\NTA\Golden Gate\Simpl\Audio\QsysControlV3.clz...
8/24/2017 8:29:59 PM, Info: Saving project information...
8/24/2017 8:30:00 PM, Info: Verifying archive C:\Users\Andrew Campbell\Dropbox (TAS)\TAS Team Folder\NTA\Golden Gate\Simpl\Audio\QsysControlV3.clz...
8/24/2017 8:30:00 PM, Info: Saving project information...
8/24/2017 8:30:01 PM, Info: Verifying archive C:\Users\Andrew Campbell\Dropbox (TAS)\TAS Team Folder\NTA\Golden Gate\Simpl\Audio\QsysControlV3.clz...
8/24/2017 8:30:02 PM, Info: Saving project information...
8/24/2017 8:30:04 PM, Info: Commiting verification transaction...
8/24/2017 8:30:04 PM, Info: Saving project information...
8/24/2017 9:09:45 PM, Info: Initializing SIMPLSharp Services...
8/24/2017 9:09:45 PM, Info: ProjectInfo successfully initialized.
8/24/2017 9:09:45 PM, Info: Verifying archive C:\Users\Andrew Campbell\Dropbox (TAS)\TAS Team Folder\NTA\Golden Gate\Simpl\Audio\QsysControlV3.clz...
8/24/2017 9:09:46 PM, Info: Saving project information...
8/24/2017 9:09:46 PM, Info: Verifying archive C:\Users\Andrew Campbell\Dropbox (TAS)\TAS Team Folder\NTA\Golden Gate\Simpl\Audio\QsysControlV3.clz...
8/24/2017 9:09:47 PM, Info: Saving project information...
8/24/2017 9:09:48 PM, Info: Verifying archive C:\Users\Andrew Campbell\Dropbox (TAS)\TAS Team Folder\NTA\Golden Gate\Simpl\Audio\QsysControlV3.clz...
8/24/2017 9:09:48 PM, Info: Saving project information...
8/24/2017 9:09:49 PM, Info: Commiting verification transaction...
8/24/2017 9:09:49 PM, Info: Saving project information...
8/24/2017 9:23:07 PM, Info: Initializing SIMPLSharp Services...
8/24/2017 9:23:07 PM, Info: ProjectInfo successfully initialized.
8/24/2017 9:23:08 PM, Info: Verifying archive C:\Users\Andrew Campbell\Dropbox (TAS)\TAS Team Folder\NTA\Golden Gate\Simpl\Audio\QsysControlV3.clz...
8/24/2017 9:23:09 PM, Info: Saving project information...
8/24/2017 9:23:10 PM, Info: Verifying archive C:\Users\Andrew Campbell\Dropbox (TAS)\TAS Team Folder\NTA\Golden Gate\Simpl\Audio\QsysControlV3.clz...
8/24/2017 9:23:10 PM, Info: Saving project information...
8/24/2017 9:23:11 PM, Info: Verifying archive C:\Users\Andrew Campbell\Dropbox (TAS)\TAS Team Folder\NTA\Golden Gate\Simpl\Audio\QsysControlV3.clz...
8/24/2017 9:23:12 PM, Info: Saving project information...
8/24/2017 9:23:13 PM, Info: Commiting verification transaction...
8/24/2017 9:23:13 PM, Info: Saving project information...
8/24/2017 9:40:04 PM, Info: Terminating SIMPLSharp Services
8/24/2017 9:40:04 PM, Info: Saving project information...
8/24/2017 9:40:04 PM, Info: Terminating SIMPLSharp Services
8/24/2017 9:40:04 PM, Info: Saving project information...
8/24/2017 9:40:04 PM, Info: Terminating SIMPLSharp Services
8/24/2017 9:40:04 PM, Info: Saving project information...
8/24/2017 9:40:04 PM, Info: Terminating SIMPLSharp Services
8/24/2017 9:40:04 PM, Info: Saving project information...
8/24/2017 9:40:04 PM, Info: Terminating SIMPLSharp Services
8/24/2017 9:40:05 PM, Info: Saving project information...
8/24/2017 9:40:05 PM, Info: Terminating SIMPLSharp Services
