8/23/2017 3:46:36 PM, Info: Initializing SIMPLSharp Services...
8/23/2017 3:46:37 PM, Info: ProjectInfo successfully initialized.
8/23/2017 3:46:37 PM, Info: Verifying archive C:\Users\Sean Donahue\Dropbox (TAS)\TAS Team Folder\NTA\Golden Gate\Simpl\Audio\QsysControlV3.clz...
8/23/2017 3:46:39 PM, Info: Saving project information...
8/23/2017 3:46:40 PM, Info: Verifying archive C:\Users\Sean Donahue\Dropbox (TAS)\TAS Team Folder\NTA\Golden Gate\Simpl\Audio\QsysControlV3.clz...
8/23/2017 3:46:41 PM, Info: Saving project information...
8/23/2017 3:46:42 PM, Info: Verifying archive C:\Users\Sean Donahue\Dropbox (TAS)\TAS Team Folder\NTA\Golden Gate\Simpl\Audio\QsysControlV3.clz...
8/23/2017 3:46:43 PM, Info: Saving project information...
8/23/2017 3:46:46 PM, Info: Commiting verification transaction...
8/23/2017 3:46:46 PM, Info: Saving project information...
8/23/2017 4:03:00 PM, Info: Initializing SIMPLSharp Services...
8/23/2017 4:03:00 PM, Info: ProjectInfo successfully initialized.
8/23/2017 4:03:01 PM, Info: Verifying archive C:\Users\Sean Donahue\Dropbox (TAS)\TAS Team Folder\NTA\Golden Gate\Simpl\Audio\QsysControlV3.clz...
8/23/2017 4:03:02 PM, Info: Saving project information...
8/23/2017 4:03:02 PM, Info: Verifying archive C:\Users\Sean Donahue\Dropbox (TAS)\TAS Team Folder\NTA\Golden Gate\Simpl\Audio\QsysControlV3.clz...
8/23/2017 4:03:03 PM, Info: Saving project information...
8/23/2017 4:03:04 PM, Info: Verifying archive C:\Users\Sean Donahue\Dropbox (TAS)\TAS Team Folder\NTA\Golden Gate\Simpl\Audio\QsysControlV3.clz...
8/23/2017 4:03:04 PM, Info: Saving project information...
8/23/2017 4:03:06 PM, Info: Commiting verification transaction...
8/23/2017 4:03:06 PM, Info: Saving project information...
8/24/2017 10:22:12 AM, Info: Terminating SIMPLSharp Services
8/24/2017 10:22:12 AM, Info: Saving project information...
8/24/2017 10:22:12 AM, Info: Terminating SIMPLSharp Services
