8/23/2017 10:12:58 AM, Info: Initializing SIMPLSharp Services...
8/23/2017 10:12:58 AM, Info: ProjectInfo successfully initialized.
8/23/2017 10:12:58 AM, Info: Verifying archive C:\Users\Andrew Campbell\Dropbox (TAS)\TAS Team Folder\NTA\Golden Gate\Simpl\Audio\QsysControlV3.clz...
8/23/2017 10:12:59 AM, Info: Saving project information...
8/23/2017 10:13:00 AM, Info: Verifying archive C:\Users\Andrew Campbell\Dropbox (TAS)\TAS Team Folder\NTA\Golden Gate\Simpl\Audio\QsysControlV3.clz...
8/23/2017 10:13:00 AM, Info: Saving project information...
8/23/2017 10:13:01 AM, Info: Verifying archive C:\Users\Andrew Campbell\Dropbox (TAS)\TAS Team Folder\NTA\Golden Gate\Simpl\Audio\QsysControlV3.clz...
8/23/2017 10:13:02 AM, Info: Saving project information...
8/23/2017 10:13:03 AM, Info: Commiting verification transaction...
8/23/2017 10:13:03 AM, Info: Saving project information...
8/23/2017 10:13:29 AM, Info: Initializing SIMPLSharp Services...
8/23/2017 10:13:29 AM, Info: ProjectInfo successfully initialized.
8/23/2017 10:13:30 AM, Info: Verifying archive C:\Users\Andrew Campbell\Dropbox (TAS)\TAS Team Folder\NTA\Golden Gate\Simpl\Audio\QsysControlV3.clz...
8/23/2017 10:13:30 AM, Info: Saving project information...
8/23/2017 10:13:31 AM, Info: Verifying archive C:\Users\Andrew Campbell\Dropbox (TAS)\TAS Team Folder\NTA\Golden Gate\Simpl\Audio\QsysControlV3.clz...
8/23/2017 10:13:31 AM, Info: Saving project information...
8/23/2017 10:13:32 AM, Info: Verifying archive C:\Users\Andrew Campbell\Dropbox (TAS)\TAS Team Folder\NTA\Golden Gate\Simpl\Audio\QsysControlV3.clz...
8/23/2017 10:13:33 AM, Info: Saving project information...
8/23/2017 10:13:34 AM, Info: Commiting verification transaction...
8/23/2017 10:13:34 AM, Info: Saving project information...
8/23/2017 10:22:43 AM, Info: Initializing SIMPLSharp Services...
8/23/2017 10:22:43 AM, Info: ProjectInfo successfully initialized.
8/23/2017 10:22:43 AM, Info: Verifying archive C:\Users\Andrew Campbell\Dropbox (TAS)\TAS Team Folder\NTA\Golden Gate\Simpl\Audio\QsysControlV3.clz...
8/23/2017 10:22:44 AM, Info: Saving project information...
8/23/2017 10:22:45 AM, Info: Verifying archive C:\Users\Andrew Campbell\Dropbox (TAS)\TAS Team Folder\NTA\Golden Gate\Simpl\Audio\QsysControlV3.clz...
8/23/2017 10:22:45 AM, Info: Saving project information...
8/23/2017 10:22:46 AM, Info: Verifying archive C:\Users\Andrew Campbell\Dropbox (TAS)\TAS Team Folder\NTA\Golden Gate\Simpl\Audio\QsysControlV3.clz...
8/23/2017 10:22:46 AM, Info: Saving project information...
8/23/2017 10:22:47 AM, Info: Commiting verification transaction...
8/23/2017 10:22:47 AM, Info: Saving project information...
8/23/2017 10:40:51 AM, Info: Initializing SIMPLSharp Services...
8/23/2017 10:40:51 AM, Info: ProjectInfo successfully initialized.
8/23/2017 10:40:52 AM, Info: Verifying archive C:\Users\Andrew Campbell\Dropbox (TAS)\TAS Team Folder\NTA\Golden Gate\Simpl\Audio\QsysControlV3.clz...
8/23/2017 10:40:52 AM, Info: Saving project information...
8/23/2017 10:40:53 AM, Info: Verifying archive C:\Users\Andrew Campbell\Dropbox (TAS)\TAS Team Folder\NTA\Golden Gate\Simpl\Audio\QsysControlV3.clz...
8/23/2017 10:40:53 AM, Info: Saving project information...
8/23/2017 10:40:54 AM, Info: Verifying archive C:\Users\Andrew Campbell\Dropbox (TAS)\TAS Team Folder\NTA\Golden Gate\Simpl\Audio\QsysControlV3.clz...
8/23/2017 10:40:54 AM, Info: Saving project information...
8/23/2017 10:40:55 AM, Info: Commiting verification transaction...
8/23/2017 10:40:55 AM, Info: Saving project information...
8/23/2017 10:41:26 AM, Info: Initializing SIMPLSharp Services...
8/23/2017 10:41:26 AM, Info: ProjectInfo successfully initialized.
8/23/2017 10:41:27 AM, Info: Verifying archive C:\Users\Andrew Campbell\Dropbox (TAS)\TAS Team Folder\NTA\Golden Gate\Simpl\Audio\QsysControlV3.clz...
8/23/2017 10:41:27 AM, Info: Saving project information...
8/23/2017 10:41:28 AM, Info: Verifying archive C:\Users\Andrew Campbell\Dropbox (TAS)\TAS Team Folder\NTA\Golden Gate\Simpl\Audio\QsysControlV3.clz...
8/23/2017 10:41:28 AM, Info: Saving project information...
8/23/2017 10:41:29 AM, Info: Verifying archive C:\Users\Andrew Campbell\Dropbox (TAS)\TAS Team Folder\NTA\Golden Gate\Simpl\Audio\QsysControlV3.clz...
8/23/2017 10:41:30 AM, Info: Saving project information...
8/23/2017 10:41:31 AM, Info: Commiting verification transaction...
8/23/2017 10:41:31 AM, Info: Saving project information...
8/23/2017 10:43:42 AM, Info: Initializing SIMPLSharp Services...
8/23/2017 10:43:42 AM, Info: ProjectInfo successfully initialized.
8/23/2017 10:43:43 AM, Info: Verifying archive C:\Users\Andrew Campbell\Dropbox (TAS)\TAS Team Folder\NTA\Golden Gate\Simpl\Audio\QsysControlV3.clz...
8/23/2017 10:43:43 AM, Info: Saving project information...
8/23/2017 10:43:44 AM, Info: Verifying archive C:\Users\Andrew Campbell\Dropbox (TAS)\TAS Team Folder\NTA\Golden Gate\Simpl\Audio\QsysControlV3.clz...
8/23/2017 10:43:44 AM, Info: Saving project information...
8/23/2017 10:43:45 AM, Info: Verifying archive C:\Users\Andrew Campbell\Dropbox (TAS)\TAS Team Folder\NTA\Golden Gate\Simpl\Audio\QsysControlV3.clz...
8/23/2017 10:43:46 AM, Info: Saving project information...
8/23/2017 10:43:47 AM, Info: Commiting verification transaction...
8/23/2017 10:43:47 AM, Info: Saving project information...
8/23/2017 10:45:14 AM, Info: Initializing SIMPLSharp Services...
8/23/2017 10:45:14 AM, Info: ProjectInfo successfully initialized.
8/23/2017 10:45:14 AM, Info: Verifying archive C:\Users\Andrew Campbell\Dropbox (TAS)\TAS Team Folder\NTA\Golden Gate\Simpl\Audio\QsysControlV3.clz...
8/23/2017 10:45:15 AM, Info: Saving project information...
8/23/2017 10:45:15 AM, Info: Verifying archive C:\Users\Andrew Campbell\Dropbox (TAS)\TAS Team Folder\NTA\Golden Gate\Simpl\Audio\QsysControlV3.clz...
8/23/2017 10:45:16 AM, Info: Saving project information...
8/23/2017 10:45:17 AM, Info: Verifying archive C:\Users\Andrew Campbell\Dropbox (TAS)\TAS Team Folder\NTA\Golden Gate\Simpl\Audio\QsysControlV3.clz...
8/23/2017 10:45:17 AM, Info: Saving project information...
8/23/2017 10:45:18 AM, Info: Commiting verification transaction...
8/23/2017 10:45:18 AM, Info: Saving project information...
8/23/2017 12:04:20 PM, Info: Terminating SIMPLSharp Services
8/23/2017 12:04:20 PM, Info: Saving project information...
8/23/2017 12:04:20 PM, Info: Terminating SIMPLSharp Services
8/23/2017 12:04:20 PM, Info: Saving project information...
8/23/2017 12:04:20 PM, Info: Terminating SIMPLSharp Services
8/23/2017 12:04:20 PM, Info: Saving project information...
8/23/2017 12:04:20 PM, Info: Terminating SIMPLSharp Services
8/23/2017 12:04:20 PM, Info: Saving project information...
8/23/2017 12:04:20 PM, Info: Terminating SIMPLSharp Services
8/23/2017 12:04:20 PM, Info: Saving project information...
8/23/2017 12:04:20 PM, Info: Terminating SIMPLSharp Services
8/23/2017 12:04:20 PM, Info: Saving project information...
8/23/2017 12:04:20 PM, Info: Terminating SIMPLSharp Services
