8/23/2017 3:04:53 PM, Info: Initializing SIMPLSharp Services...
8/23/2017 3:04:54 PM, Info: ProjectInfo successfully initialized.
8/23/2017 3:04:54 PM, Info: Verifying archive C:\Users\Andrew Campbell\Dropbox (TAS)\TAS Team Folder\NTA\Golden Gate\Simpl\Audio\QsysControlV3.clz...
8/23/2017 3:04:55 PM, Info: Saving project information...
8/23/2017 3:04:55 PM, Info: Verifying archive C:\Users\Andrew Campbell\Dropbox (TAS)\TAS Team Folder\NTA\Golden Gate\Simpl\Audio\QsysControlV3.clz...
8/23/2017 3:04:56 PM, Info: Saving project information...
8/23/2017 3:04:57 PM, Info: Verifying archive C:\Users\Andrew Campbell\Dropbox (TAS)\TAS Team Folder\NTA\Golden Gate\Simpl\Audio\QsysControlV3.clz...
8/23/2017 3:04:57 PM, Info: Saving project information...
8/23/2017 3:04:59 PM, Info: Commiting verification transaction...
8/23/2017 3:04:59 PM, Info: Saving project information...
8/23/2017 3:12:36 PM, Info: Initializing SIMPLSharp Services...
8/23/2017 3:12:36 PM, Info: ProjectInfo successfully initialized.
8/23/2017 3:12:37 PM, Info: Verifying archive C:\Users\Andrew Campbell\Dropbox (TAS)\TAS Team Folder\NTA\Golden Gate\Simpl\Audio\QsysControlV3.clz...
8/23/2017 3:12:37 PM, Info: Saving project information...
8/23/2017 3:12:38 PM, Info: Verifying archive C:\Users\Andrew Campbell\Dropbox (TAS)\TAS Team Folder\NTA\Golden Gate\Simpl\Audio\QsysControlV3.clz...
8/23/2017 3:12:38 PM, Info: Saving project information...
8/23/2017 3:12:39 PM, Info: Verifying archive C:\Users\Andrew Campbell\Dropbox (TAS)\TAS Team Folder\NTA\Golden Gate\Simpl\Audio\QsysControlV3.clz...
8/23/2017 3:12:39 PM, Info: Saving project information...
8/23/2017 3:12:41 PM, Info: Commiting verification transaction...
8/23/2017 3:12:41 PM, Info: Saving project information...
8/23/2017 3:32:38 PM, Info: Terminating SIMPLSharp Services
8/23/2017 3:32:38 PM, Info: Saving project information...
8/23/2017 3:32:38 PM, Info: Terminating SIMPLSharp Services
